#-----------------------------------------------------------
# Vivado v2018.2 (64-bit)
# SW Build 2258646 on Thu Jun 14 20:03:12 MDT 2018
# IP Build 2256618 on Thu Jun 14 22:10:49 MDT 2018
# Start of session at: Sun Jan  8 13:45:16 2023
# Process ID: 7092
# Current directory: C:/Users/TANUSHREE/CAD LAB/FA_BEHAVIORAL
# Command line: vivado.exe -gui_launcher_event rodinguilauncherevent16812 C:\Users\TANUSHREE\CAD LAB\FA_BEHAVIORAL\FA_BEHAVIORAL.xpr
# Log file: C:/Users/TANUSHREE/CAD LAB/FA_BEHAVIORAL/vivado.log
# Journal file: C:/Users/TANUSHREE/CAD LAB/FA_BEHAVIORAL\vivado.jou
#-----------------------------------------------------------
start_gui
open_project {C:/Users/TANUSHREE/CAD LAB/FA_BEHAVIORAL/FA_BEHAVIORAL.xpr}
Scanning sources...
Finished scanning sources
INFO: [IP_Flow 19-234] Refreshing IP repositories
INFO: [IP_Flow 19-1704] No user IP repositories specified
INFO: [IP_Flow 19-2313] Loaded Vivado IP repository 'C:/Xilinx/Vivado/2018.2/data/ip'.
open_project: Time (s): cpu = 00:00:18 ; elapsed = 00:00:48 . Memory (MB): peak = 753.805 ; gain = 92.117
update_compile_order -fileset sources_1
exit
INFO: [Common 17-206] Exiting Vivado at Sun Jan  8 13:52:49 2023...
